<?xml version="1.0" encoding="UTF-8"?>
<!-- Generated by org.testng.reporters.JUnitReportReporter -->
<testsuite hostname="Goutams-Mac-Air.local" failures="0" tests="1" name="Module2.Test2" time="65.191" errors="0" timestamp="2023-08-28T11:44:49 IST" skipped="0">
  <testcase classname="Module2.Test2" name="homep" time="65.191"/>
</testsuite> <!-- Module2.Test2 -->
